|--- feature_2 <= 11.00
|   |--- feature_9 <= 2.50
|   |   |--- feature_2 <= 3.50
|   |   |   |--- feature_3 <= 0.14
|   |   |   |   |--- feature_3 <= 0.13
|   |   |   |   |   |--- feature_3 <= 0.11
|   |   |   |   |   |   |--- feature_3 <= 0.06
|   |   |   |   |   |   |   |--- feature_3 <= 0.04
|   |   |   |   |   |   |   |   |--- feature_3 <= 0.03
|   |   |   |   |   |   |   |   |   |--- class: -99999.0
|   |   |   |   |   |   |   |   |--- feature_3 >  0.03
|   |   |   |   |   |   |   |   |   |--- feature_3 <= 0.04
|   |   |   |   |   |   |   |   |   |   |--- class: 0.0
|   |   |   |   |   |   |   |   |   |--- feature_3 >  0.04
|   |   |   |   |   |   |   |   |   |   |--- feature_5 <= 0.05
|   |   |   |   |   |   |   |   |   |   |   |--- class: -99999.0
|   |   |   |   |   |   |   |   |   |   |--- feature_5 >  0.05
|   |   |   |   |   |   |   |   |   |   |   |--- truncated branch of depth 3
|   |   |   |   |   |   |   |--- feature_3 >  0.04
|   |   |   |   |   |   |   |   |--- feature_3 <= 0.05
|   |   |   |   |   |   |   |   |   |--- feature_3 <= 0.05
|   |   |   |   |   |   |   |   |   |   |--- feature_5 <= 0.01
|   |   |   |   |   |   |   |   |   |   |   |--- class: -99999.0
|   |   |   |   |   |   |   |   |   |   |--- feature_5 >  0.01
|   |   |   |   |   |   |   |   |   |   |   |--- truncated branch of depth 16
|   |   |   |   |   |   |   |   |   |--- feature_3 >  0.05
|   |   |   |   |   |   |   |   |   |   |--- class: 0.0
|   |   |   |   |   |   |   |   |--- feature_3 >  0.05
|   |   |   |   |   |   |   |   |   |--- feature_3 <= 0.05
|   |   |   |   |   |   |   |   |   |   |--- feature_3 <= 0.05
|   |   |   |   |   |   |   |   |   |   |   |--- truncated branch of depth 8
|   |   |   |   |   |   |   |   |   |   |--- feature_3 >  0.05
|   |   |   |   |   |   |   |   |   |   |   |--- truncated branch of depth 17
|   |   |   |   |   |   |   |   |   |--- feature_3 >  0.05
|   |   |   |   |   |   |   |   |   |   |--- feature_3 <= 0.05
|   |   |   |   |   |   |   |   |   |   |   |--- truncated branch of depth 28
|   |   |   |   |   |   |   |   |   |   |--- feature_3 >  0.05
|   |   |   |   |   |   |   |   |   |   |   |--- truncated branch of depth 12
|   |   |   |   |   |   |--- feature_3 >  0.06
|   |   |   |   |   |   |   |--- feature_3 <= 0.07
|   |   |   |   |   |   |   |   |--- feature_3 <= 0.06
|   |   |   |   |   |   |   |   |   |--- feature_3 <= 0.06
|   |   |   |   |   |   |   |   |   |   |--- feature_5 <= 0.06
|   |   |   |   |   |   |   |   |   |   |   |--- truncated branch of depth 6
|   |   |   |   |   |   |   |   |   |   |--- feature_5 >  0.06
|   |   |   |   |   |   |   |   |   |   |   |--- truncated branch of depth 3
|   |   |   |   |   |   |   |   |   |--- feature_3 >  0.06
|   |   |   |   |   |   |   |   |   |   |--- feature_3 <= 0.06
|   |   |   |   |   |   |   |   |   |   |   |--- truncated branch of depth 9
|   |   |   |   |   |   |   |   |   |   |--- feature_3 >  0.06
|   |   |   |   |   |   |   |   |   |   |   |--- class: -99999.0
|   |   |   |   |   |   |   |   |--- feature_3 >  0.06
|   |   |   |   |   |   |   |   |   |--- feature_3 <= 0.07
|   |   |   |   |   |   |   |   |   |   |--- feature_7 <= 7.50
|   |   |   |   |   |   |   |   |   |   |   |--- truncated branch of depth 31
|   |   |   |   |   |   |   |   |   |   |--- feature_7 >  7.50
|   |   |   |   |   |   |   |   |   |   |   |--- class: 0.0
|   |   |   |   |   |   |   |   |   |--- feature_3 >  0.07
|   |   |   |   |   |   |   |   |   |   |--- feature_3 <= 0.07
|   |   |   |   |   |   |   |   |   |   |   |--- class: -99999.0
|   |   |   |   |   |   |   |   |   |   |--- feature_3 >  0.07
|   |   |   |   |   |   |   |   |   |   |   |--- truncated branch of depth 26
|   |   |   |   |   |   |   |--- feature_3 >  0.07
|   |   |   |   |   |   |   |   |--- feature_3 <= 0.07
|   |   |   |   |   |   |   |   |   |--- class: 0.0
|   |   |   |   |   |   |   |   |--- feature_3 >  0.07
|   |   |   |   |   |   |   |   |   |--- feature_3 <= 0.11
|   |   |   |   |   |   |   |   |   |   |--- feature_3 <= 0.11
|   |   |   |   |   |   |   |   |   |   |   |--- truncated branch of depth 42
|   |   |   |   |   |   |   |   |   |   |--- feature_3 >  0.11
|   |   |   |   |   |   |   |   |   |   |   |--- truncated branch of depth 33
|   |   |   |   |   |   |   |   |   |--- feature_3 >  0.11
|   |   |   |   |   |   |   |   |   |   |--- feature_5 <= 0.16
|   |   |   |   |   |   |   |   |   |   |   |--- truncated branch of depth 15
|   |   |   |   |   |   |   |   |   |   |--- feature_5 >  0.16
|   |   |   |   |   |   |   |   |   |   |   |--- class: -99999.0
|   |   |   |   |   |--- feature_3 >  0.11
|   |   |   |   |   |   |--- feature_3 <= 0.11
|   |   |   |   |   |   |   |--- feature_3 <= 0.11
|   |   |   |   |   |   |   |   |--- feature_3 <= 0.11
|   |   |   |   |   |   |   |   |   |--- feature_5 <= 0.19
|   |   |   |   |   |   |   |   |   |   |--- feature_5 <= 0.16
|   |   |   |   |   |   |   |   |   |   |   |--- truncated branch of depth 12
|   |   |   |   |   |   |   |   |   |   |--- feature_5 >  0.16
|   |   |   |   |   |   |   |   |   |   |   |--- truncated branch of depth 6
|   |   |   |   |   |   |   |   |   |--- feature_5 >  0.19
|   |   |   |   |   |   |   |   |   |   |--- feature_3 <= 0.11
|   |   |   |   |   |   |   |   |   |   |   |--- class: 0.0
|   |   |   |   |   |   |   |   |   |   |--- feature_3 >  0.11
|   |   |   |   |   |   |   |   |   |   |   |--- truncated branch of depth 5
|   |   |   |   |   |   |   |   |--- feature_3 >  0.11
|   |   |   |   |   |   |   |   |   |--- class: 0.0
|   |   |   |   |   |   |   |--- feature_3 >  0.11
|   |   |   |   |   |   |   |   |--- feature_5 <= 0.52
|   |   |   |   |   |   |   |   |   |--- feature_5 <= 0.14
|   |   |   |   |   |   |   |   |   |   |--- feature_5 <= 0.14
|   |   |   |   |   |   |   |   |   |   |   |--- truncated branch of depth 10
|   |   |   |   |   |   |   |   |   |   |--- feature_5 >  0.14
|   |   |   |   |   |   |   |   |   |   |   |--- class: -99999.0
|   |   |   |   |   |   |   |   |   |--- feature_5 >  0.14
|   |   |   |   |   |   |   |   |   |   |--- feature_5 <= 0.34
|   |   |   |   |   |   |   |   |   |   |   |--- class: 0.0
|   |   |   |   |   |   |   |   |   |   |--- feature_5 >  0.34
|   |   |   |   |   |   |   |   |   |   |   |--- truncated branch of depth 2
|   |   |   |   |   |   |   |   |--- feature_5 >  0.52
|   |   |   |   |   |   |   |   |   |--- class: -99999.0
|   |   |   |   |   |   |--- feature_3 >  0.11
|   |   |   |   |   |   |   |--- feature_3 <= 0.11
|   |   |   |   |   |   |   |   |--- feature_5 <= 0.19
|   |   |   |   |   |   |   |   |   |--- feature_5 <= 0.19
|   |   |   |   |   |   |   |   |   |   |--- feature_5 <= 0.08
|   |   |   |   |   |   |   |   |   |   |   |--- truncated branch of depth 14
|   |   |   |   |   |   |   |   |   |   |--- feature_5 >  0.08
|   |   |   |   |   |   |   |   |   |   |   |--- truncated branch of depth 16
|   |   |   |   |   |   |   |   |   |--- feature_5 >  0.19
|   |   |   |   |   |   |   |   |   |   |--- class: 0.0
|   |   |   |   |   |   |   |   |--- feature_5 >  0.19
|   |   |   |   |   |   |   |   |   |--- feature_5 <= 0.27
|   |   |   |   |   |   |   |   |   |   |--- feature_5 <= 0.27
|   |   |   |   |   |   |   |   |   |   |   |--- truncated branch of depth 6
|   |   |   |   |   |   |   |   |   |   |--- feature_5 >  0.27
|   |   |   |   |   |   |   |   |   |   |   |--- class: 0.0
|   |   |   |   |   |   |   |   |   |--- feature_5 >  0.27
|   |   |   |   |   |   |   |   |   |   |--- class: -99999.0
|   |   |   |   |   |   |   |--- feature_3 >  0.11
|   |   |   |   |   |   |   |   |--- feature_3 <= 0.13
|   |   |   |   |   |   |   |   |   |--- feature_3 <= 0.12
|   |   |   |   |   |   |   |   |   |   |--- feature_3 <= 0.12
|   |   |   |   |   |   |   |   |   |   |   |--- truncated branch of depth 25
|   |   |   |   |   |   |   |   |   |   |--- feature_3 >  0.12
|   |   |   |   |   |   |   |   |   |   |   |--- truncated branch of depth 29
|   |   |   |   |   |   |   |   |   |--- feature_3 >  0.12
|   |   |   |   |   |   |   |   |   |   |--- feature_7 <= 7.50
|   |   |   |   |   |   |   |   |   |   |   |--- truncated branch of depth 44
|   |   |   |   |   |   |   |   |   |   |--- feature_7 >  7.50
|   |   |   |   |   |   |   |   |   |   |   |--- class: 0.0
|   |   |   |   |   |   |   |   |--- feature_3 >  0.13
|   |   |   |   |   |   |   |   |   |--- feature_3 <= 0.13
|   |   |   |   |   |   |   |   |   |   |--- feature_5 <= 0.27
|   |   |   |   |   |   |   |   |   |   |   |--- truncated branch of depth 20
|   |   |   |   |   |   |   |   |   |   |--- feature_5 >  0.27
|   |   |   |   |   |   |   |   |   |   |   |--- truncated branch of depth 10
|   |   |   |   |   |   |   |   |   |--- feature_3 >  0.13
|   |   |   |   |   |   |   |   |   |   |--- feature_7 <= -49999.50
|   |   |   |   |   |   |   |   |   |   |   |--- truncated branch of depth 5
|   |   |   |   |   |   |   |   |   |   |--- feature_7 >  -49999.50
|   |   |   |   |   |   |   |   |   |   |   |--- truncated branch of depth 9
|   |   |   |   |--- feature_3 >  0.13
|   |   |   |   |   |--- feature_3 <= 0.13
|   |   |   |   |   |   |--- feature_4 <= 3.50
|   |   |   |   |   |   |   |--- feature_5 <= 0.40
|   |   |   |   |   |   |   |   |--- feature_5 <= 0.06
|   |   |   |   |   |   |   |   |   |--- feature_5 <= 0.06
|   |   |   |   |   |   |   |   |   |   |--- feature_5 <= 0.01
|   |   |   |   |   |   |   |   |   |   |   |--- class: -99999.0
|   |   |   |   |   |   |   |   |   |   |--- feature_5 >  0.01
|   |   |   |   |   |   |   |   |   |   |   |--- truncated branch of depth 11
|   |   |   |   |   |   |   |   |   |--- feature_5 >  0.06
|   |   |   |   |   |   |   |   |   |   |--- class: 0.0
|   |   |   |   |   |   |   |   |--- feature_5 >  0.06
|   |   |   |   |   |   |   |   |   |--- feature_5 <= 0.09
|   |   |   |   |   |   |   |   |   |   |--- feature_5 <= 0.07
|   |   |   |   |   |   |   |   |   |   |   |--- truncated branch of depth 6
|   |   |   |   |   |   |   |   |   |   |--- feature_5 >  0.07
|   |   |   |   |   |   |   |   |   |   |   |--- truncated branch of depth 5
|   |   |   |   |   |   |   |   |   |--- feature_5 >  0.09
|   |   |   |   |   |   |   |   |   |   |--- feature_5 <= 0.10
|   |   |   |   |   |   |   |   |   |   |   |--- truncated branch of depth 3
|   |   |   |   |   |   |   |   |   |   |--- feature_5 >  0.10
|   |   |   |   |   |   |   |   |   |   |   |--- truncated branch of depth 28
|   |   |   |   |   |   |   |--- feature_5 >  0.40
|   |   |   |   |   |   |   |   |--- feature_5 <= 0.41
|   |   |   |   |   |   |   |   |   |--- class: 0.0
|   |   |   |   |   |   |   |   |--- feature_5 >  0.41
|   |   |   |   |   |   |   |   |   |--- feature_5 <= 0.56
|   |   |   |   |   |   |   |   |   |   |--- feature_5 <= 0.45
|   |   |   |   |   |   |   |   |   |   |   |--- truncated branch of depth 5
|   |   |   |   |   |   |   |   |   |   |--- feature_5 >  0.45
|   |   |   |   |   |   |   |   |   |   |   |--- truncated branch of depth 3
|   |   |   |   |   |   |   |   |   |--- feature_5 >  0.56
|   |   |   |   |   |   |   |   |   |   |--- class: 0.0
|   |   |   |   |   |   |--- feature_4 >  3.50
|   |   |   |   |   |   |   |--- feature_5 <= 0.32
|   |   |   |   |   |   |   |   |--- feature_5 <= 0.17
|   |   |   |   |   |   |   |   |   |--- feature_5 <= 0.17
|   |   |   |   |   |   |   |   |   |   |--- feature_5 <= 0.04
|   |   |   |   |   |   |   |   |   |   |   |--- truncated branch of depth 3
|   |   |   |   |   |   |   |   |   |   |--- feature_5 >  0.04
|   |   |   |   |   |   |   |   |   |   |   |--- truncated branch of depth 14
|   |   |   |   |   |   |   |   |   |--- feature_5 >  0.17
|   |   |   |   |   |   |   |   |   |   |--- class: 0.0
|   |   |   |   |   |   |   |   |--- feature_5 >  0.17
|   |   |   |   |   |   |   |   |   |--- feature_5 <= 0.23
|   |   |   |   |   |   |   |   |   |   |--- class: -99999.0
|   |   |   |   |   |   |   |   |   |--- feature_5 >  0.23
|   |   |   |   |   |   |   |   |   |   |--- feature_5 <= 0.23
|   |   |   |   |   |   |   |   |   |   |   |--- class: -99999.0
|   |   |   |   |   |   |   |   |   |   |--- feature_5 >  0.23
|   |   |   |   |   |   |   |   |   |   |   |--- truncated branch of depth 5
|   |   |   |   |   |   |   |--- feature_5 >  0.32
|   |   |   |   |   |   |   |   |--- feature_5 <= 0.32
|   |   |   |   |   |   |   |   |   |--- class: -99999.0
|   |   |   |   |   |   |   |   |--- feature_5 >  0.32
|   |   |   |   |   |   |   |   |   |--- feature_5 <= 0.39
|   |   |   |   |   |   |   |   |   |   |--- feature_5 <= 0.39
|   |   |   |   |   |   |   |   |   |   |   |--- truncated branch of depth 4
|   |   |   |   |   |   |   |   |   |   |--- feature_5 >  0.39
|   |   |   |   |   |   |   |   |   |   |   |--- class: 0.0
|   |   |   |   |   |   |   |   |   |--- feature_5 >  0.39
|   |   |   |   |   |   |   |   |   |   |--- class: -99999.0
|   |   |   |   |   |--- feature_3 >  0.13
|   |   |   |   |   |   |--- feature_3 <= 0.14
|   |   |   |   |   |   |   |--- feature_3 <= 0.14
|   |   |   |   |   |   |   |   |--- feature_0 <= 18.50
|   |   |   |   |   |   |   |   |   |--- feature_5 <= 0.04
|   |   |   |   |   |   |   |   |   |   |--- feature_5 <= 0.02
|   |   |   |   |   |   |   |   |   |   |   |--- truncated branch of depth 4
|   |   |   |   |   |   |   |   |   |   |--- feature_5 >  0.02
|   |   |   |   |   |   |   |   |   |   |   |--- class: -99999.0
|   |   |   |   |   |   |   |   |   |--- feature_5 >  0.04
|   |   |   |   |   |   |   |   |   |   |--- feature_5 <= 0.04
|   |   |   |   |   |   |   |   |   |   |   |--- truncated branch of depth 5
|   |   |   |   |   |   |   |   |   |   |--- feature_5 >  0.04
|   |   |   |   |   |   |   |   |   |   |   |--- truncated branch of depth 31
|   |   |   |   |   |   |   |   |--- feature_0 >  18.50
|   |   |   |   |   |   |   |   |   |--- class: 0.0
|   |   |   |   |   |   |   |--- feature_3 >  0.14
|   |   |   |   |   |   |   |   |--- feature_3 <= 0.14
|   |   |   |   |   |   |   |   |   |--- feature_5 <= 0.38
|   |   |   |   |   |   |   |   |   |   |--- feature_5 <= 0.19
|   |   |   |   |   |   |   |   |   |   |   |--- truncated branch of depth 20
|   |   |   |   |   |   |   |   |   |   |--- feature_5 >  0.19
|   |   |   |   |   |   |   |   |   |   |   |--- truncated branch of depth 24
|   |   |   |   |   |   |   |   |   |--- feature_5 >  0.38
|   |   |   |   |   |   |   |   |   |   |--- feature_5 <= 0.45
|   |   |   |   |   |   |   |   |   |   |   |--- truncated branch of depth 7
|   |   |   |   |   |   |   |   |   |   |--- feature_5 >  0.45
|   |   |   |   |   |   |   |   |   |   |   |--- truncated branch of depth 6
|   |   |   |   |   |   |   |   |--- feature_3 >  0.14
|   |   |   |   |   |   |   |   |   |--- feature_5 <= 0.12
|   |   |   |   |   |   |   |   |   |   |--- feature_5 <= -49999.49
|   |   |   |   |   |   |   |   |   |   |   |--- class: 0.0
|   |   |   |   |   |   |   |   |   |   |--- feature_5 >  -49999.49
|   |   |   |   |   |   |   |   |   |   |   |--- truncated branch of depth 11
|   |   |   |   |   |   |   |   |   |--- feature_5 >  0.12
|   |   |   |   |   |   |   |   |   |   |--- feature_5 <= 0.31
|   |   |   |   |   |   |   |   |   |   |   |--- truncated branch of depth 11
|   |   |   |   |   |   |   |   |   |   |--- feature_5 >  0.31
|   |   |   |   |   |   |   |   |   |   |   |--- truncated branch of depth 3
|   |   |   |   |   |   |--- feature_3 >  0.14
|   |   |   |   |   |   |   |--- feature_7 <= -49999.50
|   |   |   |   |   |   |   |   |--- feature_5 <= 0.30
|   |   |   |   |   |   |   |   |   |--- class: 0.0
|   |   |   |   |   |   |   |   |--- feature_5 >  0.30
|   |   |   |   |   |   |   |   |   |--- class: -99999.0
|   |   |   |   |   |   |   |--- feature_7 >  -49999.50
|   |   |   |   |   |   |   |   |--- feature_5 <= 0.08
|   |   |   |   |   |   |   |   |   |--- feature_5 <= 0.00
|   |   |   |   |   |   |   |   |   |   |--- feature_3 <= 0.14
|   |   |   |   |   |   |   |   |   |   |   |--- class: -99999.0
|   |   |   |   |   |   |   |   |   |   |--- feature_3 >  0.14
|   |   |   |   |   |   |   |   |   |   |   |--- truncated branch of depth 2
|   |   |   |   |   |   |   |   |   |--- feature_5 >  0.00
|   |   |   |   |   |   |   |   |   |   |--- feature_5 <= 0.04
|   |   |   |   |   |   |   |   |   |   |   |--- class: -99999.0
|   |   |   |   |   |   |   |   |   |   |--- feature_5 >  0.04
|   |   |   |   |   |   |   |   |   |   |   |--- truncated branch of depth 9
|   |   |   |   |   |   |   |   |--- feature_5 >  0.08
|   |   |   |   |   |   |   |   |   |--- feature_5 <= 0.26
|   |   |   |   |   |   |   |   |   |   |--- feature_5 <= 0.24
|   |   |   |   |   |   |   |   |   |   |   |--- truncated branch of depth 25
|   |   |   |   |   |   |   |   |   |   |--- feature_5 >  0.24
|   |   |   |   |   |   |   |   |   |   |   |--- truncated branch of depth 7
|   |   |   |   |   |   |   |   |   |--- feature_5 >  0.26
|   |   |   |   |   |   |   |   |   |   |--- feature_3 <= 0.14
|   |   |   |   |   |   |   |   |   |   |   |--- truncated branch of depth 6
|   |   |   |   |   |   |   |   |   |   |--- feature_3 >  0.14
|   |   |   |   |   |   |   |   |   |   |   |--- truncated branch of depth 9
|   |   |   |--- feature_3 >  0.14
|   |   |   |   |--- feature_3 <= 0.19
|   |   |   |   |   |--- feature_3 <= 0.18
|   |   |   |   |   |   |--- feature_3 <= 0.14
|   |   |   |   |   |   |   |--- feature_1 <= 18.50
|   |   |   |   |   |   |   |   |--- feature_5 <= 0.06
|   |   |   |   |   |   |   |   |   |--- class: 0.0
|   |   |   |   |   |   |   |   |--- feature_5 >  0.06
|   |   |   |   |   |   |   |   |   |--- feature_5 <= 0.21
|   |   |   |   |   |   |   |   |   |   |--- feature_5 <= 0.07
|   |   |   |   |   |   |   |   |   |   |   |--- class: -99999.0
|   |   |   |   |   |   |   |   |   |   |--- feature_5 >  0.07
|   |   |   |   |   |   |   |   |   |   |   |--- truncated branch of depth 13
|   |   |   |   |   |   |   |   |   |--- feature_5 >  0.21
|   |   |   |   |   |   |   |   |   |   |--- feature_5 <= 0.47
|   |   |   |   |   |   |   |   |   |   |   |--- truncated branch of depth 5
|   |   |   |   |   |   |   |   |   |   |--- feature_5 >  0.47
|   |   |   |   |   |   |   |   |   |   |   |--- truncated branch of depth 2
|   |   |   |   |   |   |   |--- feature_1 >  18.50
|   |   |   |   |   |   |   |   |--- class: 0.0
|   |   |   |   |   |   |--- feature_3 >  0.14
|   |   |   |   |   |   |   |--- feature_3 <= 0.15
|   |   |   |   |   |   |   |   |--- feature_3 <= 0.15
|   |   |   |   |   |   |   |   |   |--- feature_3 <= 0.15
|   |   |   |   |   |   |   |   |   |   |--- feature_3 <= 0.15
|   |   |   |   |   |   |   |   |   |   |   |--- class: -99999.0
|   |   |   |   |   |   |   |   |   |   |--- feature_3 >  0.15
|   |   |   |   |   |   |   |   |   |   |   |--- truncated branch of depth 22
|   |   |   |   |   |   |   |   |   |--- feature_3 >  0.15
|   |   |   |   |   |   |   |   |   |   |--- feature_5 <= 0.09
|   |   |   |   |   |   |   |   |   |   |   |--- truncated branch of depth 10
|   |   |   |   |   |   |   |   |   |   |--- feature_5 >  0.09
|   |   |   |   |   |   |   |   |   |   |   |--- truncated branch of depth 15
|   |   |   |   |   |   |   |   |--- feature_3 >  0.15
|   |   |   |   |   |   |   |   |   |--- feature_5 <= 0.15
|   |   |   |   |   |   |   |   |   |   |--- feature_5 <= 0.07
|   |   |   |   |   |   |   |   |   |   |   |--- truncated branch of depth 3
|   |   |   |   |   |   |   |   |   |   |--- feature_5 >  0.07
|   |   |   |   |   |   |   |   |   |   |   |--- truncated branch of depth 12
|   |   |   |   |   |   |   |   |   |--- feature_5 >  0.15
|   |   |   |   |   |   |   |   |   |   |--- feature_0 <= 26.00
|   |   |   |   |   |   |   |   |   |   |   |--- truncated branch of depth 6
|   |   |   |   |   |   |   |   |   |   |--- feature_0 >  26.00
|   |   |   |   |   |   |   |   |   |   |   |--- truncated branch of depth 2
|   |   |   |   |   |   |   |--- feature_3 >  0.15
|   |   |   |   |   |   |   |   |--- feature_3 <= 0.15
|   |   |   |   |   |   |   |   |   |--- class: 0.0
|   |   |   |   |   |   |   |   |--- feature_3 >  0.15
|   |   |   |   |   |   |   |   |   |--- feature_3 <= 0.18
|   |   |   |   |   |   |   |   |   |   |--- feature_3 <= 0.18
|   |   |   |   |   |   |   |   |   |   |   |--- truncated branch of depth 39
|   |   |   |   |   |   |   |   |   |   |--- feature_3 >  0.18
|   |   |   |   |   |   |   |   |   |   |   |--- truncated branch of depth 12
|   |   |   |   |   |   |   |   |   |--- feature_3 >  0.18
|   |   |   |   |   |   |   |   |   |   |--- class: 0.0
|   |   |   |   |   |--- feature_3 >  0.18
|   |   |   |   |   |   |--- feature_3 <= 0.18
|   |   |   |   |   |   |   |--- feature_0 <= 22.50
|   |   |   |   |   |   |   |   |--- feature_5 <= 0.33
|   |   |   |   |   |   |   |   |   |--- feature_5 <= 0.32
|   |   |   |   |   |   |   |   |   |   |--- feature_5 <= 0.06
|   |   |   |   |   |   |   |   |   |   |   |--- class: -99999.0
|   |   |   |   |   |   |   |   |   |   |--- feature_5 >  0.06
|   |   |   |   |   |   |   |   |   |   |   |--- truncated branch of depth 10
|   |   |   |   |   |   |   |   |   |--- feature_5 >  0.32
|   |   |   |   |   |   |   |   |   |   |--- class: 0.0
|   |   |   |   |   |   |   |   |--- feature_5 >  0.33
|   |   |   |   |   |   |   |   |   |--- class: -99999.0
|   |   |   |   |   |   |   |--- feature_0 >  22.50
|   |   |   |   |   |   |   |   |--- class: 0.0
|   |   |   |   |   |   |--- feature_3 >  0.18
|   |   |   |   |   |   |   |--- feature_3 <= 0.19
|   |   |   |   |   |   |   |   |--- feature_3 <= 0.19
|   |   |   |   |   |   |   |   |   |--- feature_5 <= 0.17
|   |   |   |   |   |   |   |   |   |   |--- feature_5 <= 0.17
|   |   |   |   |   |   |   |   |   |   |   |--- class: 0.0
|   |   |   |   |   |   |   |   |   |   |--- feature_5 >  0.17
|   |   |   |   |   |   |   |   |   |   |   |--- class: -99999.0
|   |   |   |   |   |   |   |   |   |--- feature_5 >  0.17
|   |   |   |   |   |   |   |   |   |   |--- class: 0.0
|   |   |   |   |   |   |   |   |--- feature_3 >  0.19
|   |   |   |   |   |   |   |   |   |--- feature_3 <= 0.19
|   |   |   |   |   |   |   |   |   |   |--- feature_1 <= 22.50
|   |   |   |   |   |   |   |   |   |   |   |--- class: -99999.0
|   |   |   |   |   |   |   |   |   |   |--- feature_1 >  22.50
|   |   |   |   |   |   |   |   |   |   |   |--- class: 0.0
|   |   |   |   |   |   |   |   |   |--- feature_3 >  0.19
|   |   |   |   |   |   |   |   |   |   |--- feature_5 <= 0.19
|   |   |   |   |   |   |   |   |   |   |   |--- truncated branch of depth 2
|   |   |   |   |   |   |   |   |   |   |--- feature_5 >  0.19
|   |   |   |   |   |   |   |   |   |   |   |--- class: 0.0
|   |   |   |   |   |   |   |--- feature_3 >  0.19
|   |   |   |   |   |   |   |   |--- feature_3 <= 0.19
|   |   |   |   |   |   |   |   |   |--- feature_5 <= 0.18
|   |   |   |   |   |   |   |   |   |   |--- feature_5 <= 0.17
|   |   |   |   |   |   |   |   |   |   |   |--- truncated branch of depth 16
|   |   |   |   |   |   |   |   |   |   |--- feature_5 >  0.17
|   |   |   |   |   |   |   |   |   |   |   |--- class: 0.0
|   |   |   |   |   |   |   |   |   |--- feature_5 >  0.18
|   |   |   |   |   |   |   |   |   |   |--- feature_5 <= 0.29
|   |   |   |   |   |   |   |   |   |   |   |--- truncated branch of depth 9
|   |   |   |   |   |   |   |   |   |   |--- feature_5 >  0.29
|   |   |   |   |   |   |   |   |   |   |   |--- truncated branch of depth 16
|   |   |   |   |   |   |   |   |--- feature_3 >  0.19
|   |   |   |   |   |   |   |   |   |--- feature_3 <= 0.19
|   |   |   |   |   |   |   |   |   |   |--- class: -99999.0
|   |   |   |   |   |   |   |   |   |--- feature_3 >  0.19
|   |   |   |   |   |   |   |   |   |   |--- feature_3 <= 0.19
|   |   |   |   |   |   |   |   |   |   |   |--- truncated branch of depth 14
|   |   |   |   |   |   |   |   |   |   |--- feature_3 >  0.19
|   |   |   |   |   |   |   |   |   |   |   |--- truncated branch of depth 14
|   |   |   |   |--- feature_3 >  0.19
|   |   |   |   |   |--- feature_3 <= 0.25
|   |   |   |   |   |   |--- feature_3 <= 0.23
|   |   |   |   |   |   |   |--- feature_3 <= 0.21
|   |   |   |   |   |   |   |   |--- feature_3 <= 0.21
|   |   |   |   |   |   |   |   |   |--- feature_5 <= 0.12
|   |   |   |   |   |   |   |   |   |   |--- feature_5 <= 0.12
|   |   |   |   |   |   |   |   |   |   |   |--- truncated branch of depth 12
|   |   |   |   |   |   |   |   |   |   |--- feature_5 >  0.12
|   |   |   |   |   |   |   |   |   |   |   |--- class: -99999.0
|   |   |   |   |   |   |   |   |   |--- feature_5 >  0.12
|   |   |   |   |   |   |   |   |   |   |--- feature_5 <= 0.38
|   |   |   |   |   |   |   |   |   |   |   |--- truncated branch of depth 11
|   |   |   |   |   |   |   |   |   |   |--- feature_5 >  0.38
|   |   |   |   |   |   |   |   |   |   |   |--- class: 0.0
|   |   |   |   |   |   |   |   |--- feature_3 >  0.21
|   |   |   |   |   |   |   |   |   |--- class: 0.0
|   |   |   |   |   |   |   |--- feature_3 >  0.21
|   |   |   |   |   |   |   |   |--- feature_3 <= 0.22
|   |   |   |   |   |   |   |   |   |--- feature_3 <= 0.21
|   |   |   |   |   |   |   |   |   |   |--- feature_6 <= 11.00
|   |   |   |   |   |   |   |   |   |   |   |--- class: 0.0
|   |   |   |   |   |   |   |   |   |   |--- feature_6 >  11.00
|   |   |   |   |   |   |   |   |   |   |   |--- class: -99999.0
|   |   |   |   |   |   |   |   |   |--- feature_3 >  0.21
|   |   |   |   |   |   |   |   |   |   |--- class: -99999.0
|   |   |   |   |   |   |   |   |--- feature_3 >  0.22
|   |   |   |   |   |   |   |   |   |--- feature_3 <= 0.23
|   |   |   |   |   |   |   |   |   |   |--- feature_3 <= 0.22
|   |   |   |   |   |   |   |   |   |   |   |--- truncated branch of depth 6
|   |   |   |   |   |   |   |   |   |   |--- feature_3 >  0.22
|   |   |   |   |   |   |   |   |   |   |   |--- class: 0.0
|   |   |   |   |   |   |   |   |   |--- feature_3 >  0.23
|   |   |   |   |   |   |   |   |   |   |--- class: -99999.0
|   |   |   |   |   |   |--- feature_3 >  0.23
|   |   |   |   |   |   |   |--- feature_5 <= 0.30
|   |   |   |   |   |   |   |   |--- feature_5 <= 0.30
|   |   |   |   |   |   |   |   |   |--- feature_5 <= 0.18
|   |   |   |   |   |   |   |   |   |   |--- feature_5 <= 0.13
|   |   |   |   |   |   |   |   |   |   |   |--- truncated branch of depth 4
|   |   |   |   |   |   |   |   |   |   |--- feature_5 >  0.13
|   |   |   |   |   |   |   |   |   |   |   |--- class: 0.0
|   |   |   |   |   |   |   |   |   |--- feature_5 >  0.18
|   |   |   |   |   |   |   |   |   |   |--- feature_5 <= 0.18
|   |   |   |   |   |   |   |   |   |   |   |--- class: -99999.0
|   |   |   |   |   |   |   |   |   |   |--- feature_5 >  0.18
|   |   |   |   |   |   |   |   |   |   |   |--- truncated branch of depth 9
|   |   |   |   |   |   |   |   |--- feature_5 >  0.30
|   |   |   |   |   |   |   |   |   |--- class: -99999.0
|   |   |   |   |   |   |   |--- feature_5 >  0.30
|   |   |   |   |   |   |   |   |--- class: 0.0
|   |   |   |   |   |--- feature_3 >  0.25
|   |   |   |   |   |   |--- feature_3 <= 0.27
|   |   |   |   |   |   |   |--- feature_3 <= 0.26
|   |   |   |   |   |   |   |   |--- class: -99999.0
|   |   |   |   |   |   |   |--- feature_3 >  0.26
|   |   |   |   |   |   |   |   |--- feature_3 <= 0.26
|   |   |   |   |   |   |   |   |   |--- class: 0.0
|   |   |   |   |   |   |   |   |--- feature_3 >  0.26
|   |   |   |   |   |   |   |   |   |--- feature_1 <= 22.50
|   |   |   |   |   |   |   |   |   |   |--- feature_3 <= 0.26
|   |   |   |   |   |   |   |   |   |   |   |--- truncated branch of depth 9
|   |   |   |   |   |   |   |   |   |   |--- feature_3 >  0.26
|   |   |   |   |   |   |   |   |   |   |   |--- truncated branch of depth 9
|   |   |   |   |   |   |   |   |   |--- feature_1 >  22.50
|   |   |   |   |   |   |   |   |   |   |--- class: 0.0
|   |   |   |   |   |   |--- feature_3 >  0.27
|   |   |   |   |   |   |   |--- class: 0.0
|   |   |--- feature_2 >  3.50
|   |   |   |--- class: -99999.0
|   |--- feature_9 >  2.50
|   |   |--- feature_2 <= 3.50
|   |   |   |--- feature_3 <= 0.13
|   |   |   |   |--- feature_3 <= 0.13
|   |   |   |   |   |--- feature_3 <= 0.06
|   |   |   |   |   |   |--- feature_3 <= 0.04
|   |   |   |   |   |   |   |--- feature_3 <= 0.04
|   |   |   |   |   |   |   |   |--- class: -99999.0
|   |   |   |   |   |   |   |--- feature_3 >  0.04
|   |   |   |   |   |   |   |   |--- feature_3 <= 0.04
|   |   |   |   |   |   |   |   |   |--- feature_3 <= 0.04
|   |   |   |   |   |   |   |   |   |   |--- feature_5 <= 0.02
|   |   |   |   |   |   |   |   |   |   |   |--- class: 0.0
|   |   |   |   |   |   |   |   |   |   |--- feature_5 >  0.02
|   |   |   |   |   |   |   |   |   |   |   |--- class: -99999.0
|   |   |   |   |   |   |   |   |   |--- feature_3 >  0.04
|   |   |   |   |   |   |   |   |   |   |--- class: 0.0
|   |   |   |   |   |   |   |   |--- feature_3 >  0.04
|   |   |   |   |   |   |   |   |   |--- class: -99999.0
|   |   |   |   |   |   |--- feature_3 >  0.04
|   |   |   |   |   |   |   |--- feature_3 <= 0.05
|   |   |   |   |   |   |   |   |--- feature_5 <= 0.02
|   |   |   |   |   |   |   |   |   |--- class: -99999.0
|   |   |   |   |   |   |   |   |--- feature_5 >  0.02
|   |   |   |   |   |   |   |   |   |--- feature_5 <= 0.06
|   |   |   |   |   |   |   |   |   |   |--- class: 0.0
|   |   |   |   |   |   |   |   |   |--- feature_5 >  0.06
|   |   |   |   |   |   |   |   |   |   |--- feature_5 <= 0.07
|   |   |   |   |   |   |   |   |   |   |   |--- class: -99999.0
|   |   |   |   |   |   |   |   |   |   |--- feature_5 >  0.07
|   |   |   |   |   |   |   |   |   |   |   |--- class: 0.0
|   |   |   |   |   |   |   |--- feature_3 >  0.05
|   |   |   |   |   |   |   |   |--- feature_3 <= 0.05
|   |   |   |   |   |   |   |   |   |--- feature_5 <= 0.04
|   |   |   |   |   |   |   |   |   |   |--- feature_6 <= 7.50
|   |   |   |   |   |   |   |   |   |   |   |--- truncated branch of depth 3
|   |   |   |   |   |   |   |   |   |   |--- feature_6 >  7.50
|   |   |   |   |   |   |   |   |   |   |   |--- class: 0.0
|   |   |   |   |   |   |   |   |   |--- feature_5 >  0.04
|   |   |   |   |   |   |   |   |   |   |--- feature_3 <= 0.05
|   |   |   |   |   |   |   |   |   |   |   |--- class: -99999.0
|   |   |   |   |   |   |   |   |   |   |--- feature_3 >  0.05
|   |   |   |   |   |   |   |   |   |   |   |--- truncated branch of depth 2
|   |   |   |   |   |   |   |   |--- feature_3 >  0.05
|   |   |   |   |   |   |   |   |   |--- feature_3 <= 0.06
|   |   |   |   |   |   |   |   |   |   |--- feature_3 <= 0.06
|   |   |   |   |   |   |   |   |   |   |   |--- truncated branch of depth 14
|   |   |   |   |   |   |   |   |   |   |--- feature_3 >  0.06
|   |   |   |   |   |   |   |   |   |   |   |--- class: 0.0
|   |   |   |   |   |   |   |   |   |--- feature_3 >  0.06
|   |   |   |   |   |   |   |   |   |   |--- feature_3 <= 0.06
|   |   |   |   |   |   |   |   |   |   |   |--- truncated branch of depth 13
|   |   |   |   |   |   |   |   |   |   |--- feature_3 >  0.06
|   |   |   |   |   |   |   |   |   |   |   |--- truncated branch of depth 7
|   |   |   |   |   |--- feature_3 >  0.06
|   |   |   |   |   |   |--- feature_5 <= 0.03
|   |   |   |   |   |   |   |--- feature_5 <= 0.03
|   |   |   |   |   |   |   |   |--- feature_3 <= 0.13
|   |   |   |   |   |   |   |   |   |--- feature_3 <= 0.08
|   |   |   |   |   |   |   |   |   |   |--- feature_3 <= 0.07
|   |   |   |   |   |   |   |   |   |   |   |--- class: 0.0
|   |   |   |   |   |   |   |   |   |   |--- feature_3 >  0.07
|   |   |   |   |   |   |   |   |   |   |   |--- truncated branch of depth 5
|   |   |   |   |   |   |   |   |   |--- feature_3 >  0.08
|   |   |   |   |   |   |   |   |   |   |--- feature_3 <= 0.09
|   |   |   |   |   |   |   |   |   |   |   |--- class: 0.0
|   |   |   |   |   |   |   |   |   |   |--- feature_3 >  0.09
|   |   |   |   |   |   |   |   |   |   |   |--- truncated branch of depth 8
|   |   |   |   |   |   |   |   |--- feature_3 >  0.13
|   |   |   |   |   |   |   |   |   |--- feature_7 <= 7.50
|   |   |   |   |   |   |   |   |   |   |--- feature_3 <= 0.13
|   |   |   |   |   |   |   |   |   |   |   |--- class: -99999.0
|   |   |   |   |   |   |   |   |   |   |--- feature_3 >  0.13
|   |   |   |   |   |   |   |   |   |   |   |--- class: -99999.0
|   |   |   |   |   |   |   |   |   |--- feature_7 >  7.50
|   |   |   |   |   |   |   |   |   |   |--- class: -99999.0
|   |   |   |   |   |   |   |--- feature_5 >  0.03
|   |   |   |   |   |   |   |   |--- feature_5 <= 0.03
|   |   |   |   |   |   |   |   |   |--- feature_3 <= 0.10
|   |   |   |   |   |   |   |   |   |   |--- class: -99999.0
|   |   |   |   |   |   |   |   |   |--- feature_3 >  0.10
|   |   |   |   |   |   |   |   |   |   |--- feature_3 <= 0.11
|   |   |   |   |   |   |   |   |   |   |   |--- class: 0.0
|   |   |   |   |   |   |   |   |   |   |--- feature_3 >  0.11
|   |   |   |   |   |   |   |   |   |   |   |--- truncated branch of depth 3
|   |   |   |   |   |   |   |   |--- feature_5 >  0.03
|   |   |   |   |   |   |   |   |   |--- feature_3 <= 0.09
|   |   |   |   |   |   |   |   |   |   |--- feature_5 <= 0.03
|   |   |   |   |   |   |   |   |   |   |   |--- truncated branch of depth 6
|   |   |   |   |   |   |   |   |   |   |--- feature_5 >  0.03
|   |   |   |   |   |   |   |   |   |   |   |--- class: -99999.0
|   |   |   |   |   |   |   |   |   |--- feature_3 >  0.09
|   |   |   |   |   |   |   |   |   |   |--- feature_5 <= 0.03
|   |   |   |   |   |   |   |   |   |   |   |--- truncated branch of depth 4
|   |   |   |   |   |   |   |   |   |   |--- feature_5 >  0.03
|   |   |   |   |   |   |   |   |   |   |   |--- truncated branch of depth 7
|   |   |   |   |   |   |--- feature_5 >  0.03
|   |   |   |   |   |   |   |--- feature_3 <= 0.13
|   |   |   |   |   |   |   |   |--- feature_3 <= 0.09
|   |   |   |   |   |   |   |   |   |--- feature_3 <= 0.08
|   |   |   |   |   |   |   |   |   |   |--- feature_3 <= 0.08
|   |   |   |   |   |   |   |   |   |   |   |--- truncated branch of depth 14
|   |   |   |   |   |   |   |   |   |   |--- feature_3 >  0.08
|   |   |   |   |   |   |   |   |   |   |   |--- truncated branch of depth 10
|   |   |   |   |   |   |   |   |   |--- feature_3 >  0.08
|   |   |   |   |   |   |   |   |   |   |--- feature_1 <= 31.00
|   |   |   |   |   |   |   |   |   |   |   |--- truncated branch of depth 18
|   |   |   |   |   |   |   |   |   |   |--- feature_1 >  31.00
|   |   |   |   |   |   |   |   |   |   |   |--- truncated branch of depth 2
|   |   |   |   |   |   |   |   |--- feature_3 >  0.09
|   |   |   |   |   |   |   |   |   |--- feature_3 <= 0.10
|   |   |   |   |   |   |   |   |   |   |--- feature_3 <= 0.10
|   |   |   |   |   |   |   |   |   |   |   |--- truncated branch of depth 17
|   |   |   |   |   |   |   |   |   |   |--- feature_3 >  0.10
|   |   |   |   |   |   |   |   |   |   |   |--- truncated branch of depth 13
|   |   |   |   |   |   |   |   |   |--- feature_3 >  0.10
|   |   |   |   |   |   |   |   |   |   |--- feature_3 <= 0.11
|   |   |   |   |   |   |   |   |   |   |   |--- truncated branch of depth 28
|   |   |   |   |   |   |   |   |   |   |--- feature_3 >  0.11
|   |   |   |   |   |   |   |   |   |   |   |--- truncated branch of depth 32
|   |   |   |   |   |   |   |--- feature_3 >  0.13
|   |   |   |   |   |   |   |   |--- feature_3 <= 0.13
|   |   |   |   |   |   |   |   |   |--- feature_6 <= 3.50
|   |   |   |   |   |   |   |   |   |   |--- feature_5 <= 0.11
|   |   |   |   |   |   |   |   |   |   |   |--- truncated branch of depth 12
|   |   |   |   |   |   |   |   |   |   |--- feature_5 >  0.11
|   |   |   |   |   |   |   |   |   |   |   |--- class: -99999.0
|   |   |   |   |   |   |   |   |   |--- feature_6 >  3.50
|   |   |   |   |   |   |   |   |   |   |--- feature_1 <= 31.00
|   |   |   |   |   |   |   |   |   |   |   |--- truncated branch of depth 9
|   |   |   |   |   |   |   |   |   |   |--- feature_1 >  31.00
|   |   |   |   |   |   |   |   |   |   |   |--- truncated branch of depth 2
|   |   |   |   |   |   |   |   |--- feature_3 >  0.13
|   |   |   |   |   |   |   |   |   |--- feature_5 <= 0.15
|   |   |   |   |   |   |   |   |   |   |--- class: 0.0
|   |   |   |   |   |   |   |   |   |--- feature_5 >  0.15
|   |   |   |   |   |   |   |   |   |   |--- feature_5 <= 0.15
|   |   |   |   |   |   |   |   |   |   |   |--- class: -99999.0
|   |   |   |   |   |   |   |   |   |   |--- feature_5 >  0.15
|   |   |   |   |   |   |   |   |   |   |   |--- truncated branch of depth 5
|   |   |   |   |--- feature_3 >  0.13
|   |   |   |   |   |--- feature_5 <= 0.25
|   |   |   |   |   |   |--- feature_1 <= 16.00
|   |   |   |   |   |   |   |--- feature_3 <= 0.13
|   |   |   |   |   |   |   |   |--- feature_5 <= 0.05
|   |   |   |   |   |   |   |   |   |--- class: -99999.0
|   |   |   |   |   |   |   |   |--- feature_5 >  0.05
|   |   |   |   |   |   |   |   |   |--- feature_5 <= 0.16
|   |   |   |   |   |   |   |   |   |   |--- feature_5 <= 0.15
|   |   |   |   |   |   |   |   |   |   |   |--- truncated branch of depth 10
|   |   |   |   |   |   |   |   |   |   |--- feature_5 >  0.15
|   |   |   |   |   |   |   |   |   |   |   |--- class: 0.0
|   |   |   |   |   |   |   |   |   |--- feature_5 >  0.16
|   |   |   |   |   |   |   |   |   |   |--- feature_5 <= 0.17
|   |   |   |   |   |   |   |   |   |   |   |--- class: -99999.0
|   |   |   |   |   |   |   |   |   |   |--- feature_5 >  0.17
|   |   |   |   |   |   |   |   |   |   |   |--- truncated branch of depth 4
|   |   |   |   |   |   |   |--- feature_3 >  0.13
|   |   |   |   |   |   |   |   |--- feature_5 <= 0.15
|   |   |   |   |   |   |   |   |   |--- feature_5 <= 0.09
|   |   |   |   |   |   |   |   |   |   |--- feature_5 <= 0.07
|   |   |   |   |   |   |   |   |   |   |   |--- truncated branch of depth 4
|   |   |   |   |   |   |   |   |   |   |--- feature_5 >  0.07
|   |   |   |   |   |   |   |   |   |   |   |--- truncated branch of depth 3
|   |   |   |   |   |   |   |   |   |--- feature_5 >  0.09
|   |   |   |   |   |   |   |   |   |   |--- feature_5 <= 0.09
|   |   |   |   |   |   |   |   |   |   |   |--- truncated branch of depth 2
|   |   |   |   |   |   |   |   |   |   |--- feature_5 >  0.09
|   |   |   |   |   |   |   |   |   |   |   |--- truncated branch of depth 16
|   |   |   |   |   |   |   |   |--- feature_5 >  0.15
|   |   |   |   |   |   |   |   |   |--- feature_5 <= 0.15
|   |   |   |   |   |   |   |   |   |   |--- class: -99999.0
|   |   |   |   |   |   |   |   |   |--- feature_5 >  0.15
|   |   |   |   |   |   |   |   |   |   |--- feature_5 <= 0.16
|   |   |   |   |   |   |   |   |   |   |   |--- class: 0.0
|   |   |   |   |   |   |   |   |   |   |--- feature_5 >  0.16
|   |   |   |   |   |   |   |   |   |   |   |--- truncated branch of depth 3
|   |   |   |   |   |   |--- feature_1 >  16.00
|   |   |   |   |   |   |   |--- feature_5 <= 0.16
|   |   |   |   |   |   |   |   |--- class: 0.0
|   |   |   |   |   |   |   |--- feature_5 >  0.16
|   |   |   |   |   |   |   |   |--- feature_5 <= 0.18
|   |   |   |   |   |   |   |   |   |--- class: -99999.0
|   |   |   |   |   |   |   |   |--- feature_5 >  0.18
|   |   |   |   |   |   |   |   |   |--- feature_5 <= 0.21
|   |   |   |   |   |   |   |   |   |   |--- class: 0.0
|   |   |   |   |   |   |   |   |   |--- feature_5 >  0.21
|   |   |   |   |   |   |   |   |   |   |--- feature_5 <= 0.24
|   |   |   |   |   |   |   |   |   |   |   |--- truncated branch of depth 6
|   |   |   |   |   |   |   |   |   |   |--- feature_5 >  0.24
|   |   |   |   |   |   |   |   |   |   |   |--- class: 0.0
|   |   |   |   |   |--- feature_5 >  0.25
|   |   |   |   |   |   |--- feature_5 <= 0.36
|   |   |   |   |   |   |   |--- class: -99999.0
|   |   |   |   |   |   |--- feature_5 >  0.36
|   |   |   |   |   |   |   |--- class: 0.0
|   |   |   |--- feature_3 >  0.13
|   |   |   |   |--- feature_0 <= 16.00
|   |   |   |   |   |--- feature_3 <= 0.24
|   |   |   |   |   |   |--- feature_5 <= 0.16
|   |   |   |   |   |   |   |--- feature_3 <= 0.17
|   |   |   |   |   |   |   |   |--- feature_3 <= 0.16
|   |   |   |   |   |   |   |   |   |--- feature_3 <= 0.16
|   |   |   |   |   |   |   |   |   |   |--- feature_3 <= 0.15
|   |   |   |   |   |   |   |   |   |   |   |--- truncated branch of depth 21
|   |   |   |   |   |   |   |   |   |   |--- feature_3 >  0.15
|   |   |   |   |   |   |   |   |   |   |   |--- truncated branch of depth 13
|   |   |   |   |   |   |   |   |   |--- feature_3 >  0.16
|   |   |   |   |   |   |   |   |   |   |--- feature_5 <= 0.14
|   |   |   |   |   |   |   |   |   |   |   |--- class: 0.0
|   |   |   |   |   |   |   |   |   |   |--- feature_5 >  0.14
|   |   |   |   |   |   |   |   |   |   |   |--- truncated branch of depth 2
|   |   |   |   |   |   |   |   |--- feature_3 >  0.16
|   |   |   |   |   |   |   |   |   |--- feature_5 <= 0.11
|   |   |   |   |   |   |   |   |   |   |--- feature_3 <= 0.16
|   |   |   |   |   |   |   |   |   |   |   |--- truncated branch of depth 8
|   |   |   |   |   |   |   |   |   |   |--- feature_3 >  0.16
|   |   |   |   |   |   |   |   |   |   |   |--- truncated branch of depth 11
|   |   |   |   |   |   |   |   |   |--- feature_5 >  0.11
|   |   |   |   |   |   |   |   |   |   |--- feature_5 <= 0.15
|   |   |   |   |   |   |   |   |   |   |   |--- truncated branch of depth 15
|   |   |   |   |   |   |   |   |   |   |--- feature_5 >  0.15
|   |   |   |   |   |   |   |   |   |   |   |--- truncated branch of depth 3
|   |   |   |   |   |   |   |--- feature_3 >  0.17
|   |   |   |   |   |   |   |   |--- feature_5 <= 0.10
|   |   |   |   |   |   |   |   |   |--- feature_5 <= 0.07
|   |   |   |   |   |   |   |   |   |   |--- feature_5 <= 0.07
|   |   |   |   |   |   |   |   |   |   |   |--- class: 0.0
|   |   |   |   |   |   |   |   |   |   |--- feature_5 >  0.07
|   |   |   |   |   |   |   |   |   |   |   |--- class: -99999.0
|   |   |   |   |   |   |   |   |   |--- feature_5 >  0.07
|   |   |   |   |   |   |   |   |   |   |--- class: 0.0
|   |   |   |   |   |   |   |   |--- feature_5 >  0.10
|   |   |   |   |   |   |   |   |   |--- feature_5 <= 0.13
|   |   |   |   |   |   |   |   |   |   |--- feature_3 <= 0.17
|   |   |   |   |   |   |   |   |   |   |   |--- truncated branch of depth 6
|   |   |   |   |   |   |   |   |   |   |--- feature_3 >  0.17
|   |   |   |   |   |   |   |   |   |   |   |--- truncated branch of depth 11
|   |   |   |   |   |   |   |   |   |--- feature_5 >  0.13
|   |   |   |   |   |   |   |   |   |   |--- feature_3 <= 0.17
|   |   |   |   |   |   |   |   |   |   |   |--- truncated branch of depth 8
|   |   |   |   |   |   |   |   |   |   |--- feature_3 >  0.17
|   |   |   |   |   |   |   |   |   |   |   |--- class: 0.0
|   |   |   |   |   |   |--- feature_5 >  0.16
|   |   |   |   |   |   |   |--- feature_3 <= 0.15
|   |   |   |   |   |   |   |   |--- feature_3 <= 0.14
|   |   |   |   |   |   |   |   |   |--- class: 0.0
|   |   |   |   |   |   |   |   |--- feature_3 >  0.14
|   |   |   |   |   |   |   |   |   |--- feature_3 <= 0.14
|   |   |   |   |   |   |   |   |   |   |--- feature_3 <= 0.14
|   |   |   |   |   |   |   |   |   |   |   |--- truncated branch of depth 5
|   |   |   |   |   |   |   |   |   |   |--- feature_3 >  0.14
|   |   |   |   |   |   |   |   |   |   |   |--- truncated branch of depth 9
|   |   |   |   |   |   |   |   |   |--- feature_3 >  0.14
|   |   |   |   |   |   |   |   |   |   |--- feature_5 <= 0.16
|   |   |   |   |   |   |   |   |   |   |   |--- truncated branch of depth 4
|   |   |   |   |   |   |   |   |   |   |--- feature_5 >  0.16
|   |   |   |   |   |   |   |   |   |   |   |--- truncated branch of depth 8
|   |   |   |   |   |   |   |--- feature_3 >  0.15
|   |   |   |   |   |   |   |   |--- feature_3 <= 0.16
|   |   |   |   |   |   |   |   |   |--- feature_1 <= 19.50
|   |   |   |   |   |   |   |   |   |   |--- feature_5 <= 0.16
|   |   |   |   |   |   |   |   |   |   |   |--- class: 0.0
|   |   |   |   |   |   |   |   |   |   |--- feature_5 >  0.16
|   |   |   |   |   |   |   |   |   |   |   |--- truncated branch of depth 9
|   |   |   |   |   |   |   |   |   |--- feature_1 >  19.50
|   |   |   |   |   |   |   |   |   |   |--- class: -99999.0
|   |   |   |   |   |   |   |   |--- feature_3 >  0.16
|   |   |   |   |   |   |   |   |   |--- feature_5 <= 0.48
|   |   |   |   |   |   |   |   |   |   |--- feature_5 <= 0.18
|   |   |   |   |   |   |   |   |   |   |   |--- truncated branch of depth 23
|   |   |   |   |   |   |   |   |   |   |--- feature_5 >  0.18
|   |   |   |   |   |   |   |   |   |   |   |--- truncated branch of depth 13
|   |   |   |   |   |   |   |   |   |--- feature_5 >  0.48
|   |   |   |   |   |   |   |   |   |   |--- class: -99999.0
|   |   |   |   |   |--- feature_3 >  0.24
|   |   |   |   |   |   |--- feature_3 <= 0.30
|   |   |   |   |   |   |   |--- feature_3 <= 0.27
|   |   |   |   |   |   |   |   |--- feature_3 <= 0.26
|   |   |   |   |   |   |   |   |   |--- feature_3 <= 0.25
|   |   |   |   |   |   |   |   |   |   |--- feature_3 <= 0.25
|   |   |   |   |   |   |   |   |   |   |   |--- truncated branch of depth 2
|   |   |   |   |   |   |   |   |   |   |--- feature_3 >  0.25
|   |   |   |   |   |   |   |   |   |   |   |--- class: 0.0
|   |   |   |   |   |   |   |   |   |--- feature_3 >  0.25
|   |   |   |   |   |   |   |   |   |   |--- class: -99999.0
|   |   |   |   |   |   |   |   |--- feature_3 >  0.26
|   |   |   |   |   |   |   |   |   |--- class: 0.0
|   |   |   |   |   |   |   |--- feature_3 >  0.27
|   |   |   |   |   |   |   |   |--- class: -99999.0
|   |   |   |   |   |   |--- feature_3 >  0.30
|   |   |   |   |   |   |   |--- feature_3 <= 0.41
|   |   |   |   |   |   |   |   |--- class: 0.0
|   |   |   |   |   |   |   |--- feature_3 >  0.41
|   |   |   |   |   |   |   |   |--- class: -99999.0
|   |   |   |   |--- feature_0 >  16.00
|   |   |   |   |   |--- feature_3 <= 0.18
|   |   |   |   |   |   |--- feature_3 <= 0.17
|   |   |   |   |   |   |   |--- feature_3 <= 0.16
|   |   |   |   |   |   |   |   |--- feature_5 <= 0.47
|   |   |   |   |   |   |   |   |   |--- feature_5 <= 0.33
|   |   |   |   |   |   |   |   |   |   |--- feature_5 <= 0.33
|   |   |   |   |   |   |   |   |   |   |   |--- truncated branch of depth 15
|   |   |   |   |   |   |   |   |   |   |--- feature_5 >  0.33
|   |   |   |   |   |   |   |   |   |   |   |--- class: -99999.0
|   |   |   |   |   |   |   |   |   |--- feature_5 >  0.33
|   |   |   |   |   |   |   |   |   |   |--- class: 0.0
|   |   |   |   |   |   |   |   |--- feature_5 >  0.47
|   |   |   |   |   |   |   |   |   |--- feature_0 <= 27.50
|   |   |   |   |   |   |   |   |   |   |--- class: 0.0
|   |   |   |   |   |   |   |   |   |--- feature_0 >  27.50
|   |   |   |   |   |   |   |   |   |   |--- class: -99999.0
|   |   |   |   |   |   |   |--- feature_3 >  0.16
|   |   |   |   |   |   |   |   |--- feature_7 <= 7.50
|   |   |   |   |   |   |   |   |   |--- feature_5 <= 0.20
|   |   |   |   |   |   |   |   |   |   |--- class: 0.0
|   |   |   |   |   |   |   |   |   |--- feature_5 >  0.20
|   |   |   |   |   |   |   |   |   |   |--- feature_5 <= 0.20
|   |   |   |   |   |   |   |   |   |   |   |--- class: -99999.0
|   |   |   |   |   |   |   |   |   |   |--- feature_5 >  0.20
|   |   |   |   |   |   |   |   |   |   |   |--- truncated branch of depth 15
|   |   |   |   |   |   |   |   |--- feature_7 >  7.50
|   |   |   |   |   |   |   |   |   |--- feature_3 <= 0.16
|   |   |   |   |   |   |   |   |   |   |--- class: -99999.0
|   |   |   |   |   |   |   |   |   |--- feature_3 >  0.16
|   |   |   |   |   |   |   |   |   |   |--- feature_3 <= 0.17
|   |   |   |   |   |   |   |   |   |   |   |--- truncated branch of depth 5
|   |   |   |   |   |   |   |   |   |   |--- feature_3 >  0.17
|   |   |   |   |   |   |   |   |   |   |   |--- truncated branch of depth 4
|   |   |   |   |   |   |--- feature_3 >  0.17
|   |   |   |   |   |   |   |--- feature_5 <= 0.04
|   |   |   |   |   |   |   |   |--- feature_5 <= 0.02
|   |   |   |   |   |   |   |   |   |--- class: 0.0
|   |   |   |   |   |   |   |   |--- feature_5 >  0.02
|   |   |   |   |   |   |   |   |   |--- class: -99999.0
|   |   |   |   |   |   |   |--- feature_5 >  0.04
|   |   |   |   |   |   |   |   |--- feature_5 <= 0.40
|   |   |   |   |   |   |   |   |   |--- feature_3 <= 0.18
|   |   |   |   |   |   |   |   |   |   |--- feature_3 <= 0.17
|   |   |   |   |   |   |   |   |   |   |   |--- truncated branch of depth 7
|   |   |   |   |   |   |   |   |   |   |--- feature_3 >  0.17
|   |   |   |   |   |   |   |   |   |   |   |--- truncated branch of depth 12
|   |   |   |   |   |   |   |   |   |--- feature_3 >  0.18
|   |   |   |   |   |   |   |   |   |   |--- feature_5 <= 0.21
|   |   |   |   |   |   |   |   |   |   |   |--- truncated branch of depth 9
|   |   |   |   |   |   |   |   |   |   |--- feature_5 >  0.21
|   |   |   |   |   |   |   |   |   |   |   |--- class: 0.0
|   |   |   |   |   |   |   |   |--- feature_5 >  0.40
|   |   |   |   |   |   |   |   |   |--- feature_5 <= 0.49
|   |   |   |   |   |   |   |   |   |   |--- feature_3 <= 0.17
|   |   |   |   |   |   |   |   |   |   |   |--- class: -99999.0
|   |   |   |   |   |   |   |   |   |   |--- feature_3 >  0.17
|   |   |   |   |   |   |   |   |   |   |   |--- truncated branch of depth 2
|   |   |   |   |   |   |   |   |   |--- feature_5 >  0.49
|   |   |   |   |   |   |   |   |   |   |--- class: 0.0
|   |   |   |   |   |--- feature_3 >  0.18
|   |   |   |   |   |   |--- feature_3 <= 0.19
|   |   |   |   |   |   |   |--- feature_3 <= 0.19
|   |   |   |   |   |   |   |   |--- feature_5 <= 0.30
|   |   |   |   |   |   |   |   |   |--- feature_5 <= 0.15
|   |   |   |   |   |   |   |   |   |   |--- feature_5 <= 0.14
|   |   |   |   |   |   |   |   |   |   |   |--- truncated branch of depth 12
|   |   |   |   |   |   |   |   |   |   |--- feature_5 >  0.14
|   |   |   |   |   |   |   |   |   |   |   |--- class: -99999.0
|   |   |   |   |   |   |   |   |   |--- feature_5 >  0.15
|   |   |   |   |   |   |   |   |   |   |--- feature_3 <= 0.19
|   |   |   |   |   |   |   |   |   |   |   |--- truncated branch of depth 13
|   |   |   |   |   |   |   |   |   |   |--- feature_3 >  0.19
|   |   |   |   |   |   |   |   |   |   |   |--- truncated branch of depth 9
|   |   |   |   |   |   |   |   |--- feature_5 >  0.30
|   |   |   |   |   |   |   |   |   |--- feature_3 <= 0.19
|   |   |   |   |   |   |   |   |   |   |--- feature_5 <= 0.38
|   |   |   |   |   |   |   |   |   |   |   |--- truncated branch of depth 3
|   |   |   |   |   |   |   |   |   |   |--- feature_5 >  0.38
|   |   |   |   |   |   |   |   |   |   |   |--- class: -99999.0
|   |   |   |   |   |   |   |   |   |--- feature_3 >  0.19
|   |   |   |   |   |   |   |   |   |   |--- feature_5 <= 0.31
|   |   |   |   |   |   |   |   |   |   |   |--- class: -99999.0
|   |   |   |   |   |   |   |   |   |   |--- feature_5 >  0.31
|   |   |   |   |   |   |   |   |   |   |   |--- truncated branch of depth 4
|   |   |   |   |   |   |   |--- feature_3 >  0.19
|   |   |   |   |   |   |   |   |--- feature_6 <= 11.00
|   |   |   |   |   |   |   |   |   |--- feature_5 <= 0.18
|   |   |   |   |   |   |   |   |   |   |--- feature_5 <= 0.11
|   |   |   |   |   |   |   |   |   |   |   |--- truncated branch of depth 6
|   |   |   |   |   |   |   |   |   |   |--- feature_5 >  0.11
|   |   |   |   |   |   |   |   |   |   |   |--- truncated branch of depth 7
|   |   |   |   |   |   |   |   |   |--- feature_5 >  0.18
|   |   |   |   |   |   |   |   |   |   |--- feature_5 <= 0.19
|   |   |   |   |   |   |   |   |   |   |   |--- class: 0.0
|   |   |   |   |   |   |   |   |   |   |--- feature_5 >  0.19
|   |   |   |   |   |   |   |   |   |   |   |--- truncated branch of depth 3
|   |   |   |   |   |   |   |   |--- feature_6 >  11.00
|   |   |   |   |   |   |   |   |   |--- feature_5 <= 0.38
|   |   |   |   |   |   |   |   |   |   |--- feature_5 <= 0.31
|   |   |   |   |   |   |   |   |   |   |   |--- truncated branch of depth 8
|   |   |   |   |   |   |   |   |   |   |--- feature_5 >  0.31
|   |   |   |   |   |   |   |   |   |   |   |--- class: -99999.0
|   |   |   |   |   |   |   |   |   |--- feature_5 >  0.38
|   |   |   |   |   |   |   |   |   |   |--- feature_5 <= 0.44
|   |   |   |   |   |   |   |   |   |   |   |--- class: 0.0
|   |   |   |   |   |   |   |   |   |   |--- feature_5 >  0.44
|   |   |   |   |   |   |   |   |   |   |   |--- class: -99999.0
|   |   |   |   |   |   |--- feature_3 >  0.19
|   |   |   |   |   |   |   |--- feature_3 <= 0.20
|   |   |   |   |   |   |   |   |--- feature_3 <= 0.19
|   |   |   |   |   |   |   |   |   |--- feature_5 <= 0.15
|   |   |   |   |   |   |   |   |   |   |--- feature_5 <= 0.11
|   |   |   |   |   |   |   |   |   |   |   |--- truncated branch of depth 3
|   |   |   |   |   |   |   |   |   |   |--- feature_5 >  0.11
|   |   |   |   |   |   |   |   |   |   |   |--- class: -99999.0
|   |   |   |   |   |   |   |   |   |--- feature_5 >  0.15
|   |   |   |   |   |   |   |   |   |   |--- feature_0 <= 27.50
|   |   |   |   |   |   |   |   |   |   |   |--- truncated branch of depth 5
|   |   |   |   |   |   |   |   |   |   |--- feature_0 >  27.50
|   |   |   |   |   |   |   |   |   |   |   |--- class: -99999.0
|   |   |   |   |   |   |   |   |--- feature_3 >  0.19
|   |   |   |   |   |   |   |   |   |--- feature_3 <= 0.20
|   |   |   |   |   |   |   |   |   |   |--- feature_5 <= 0.18
|   |   |   |   |   |   |   |   |   |   |   |--- truncated branch of depth 8
|   |   |   |   |   |   |   |   |   |   |--- feature_5 >  0.18
|   |   |   |   |   |   |   |   |   |   |   |--- class: 0.0
|   |   |   |   |   |   |   |   |   |--- feature_3 >  0.20
|   |   |   |   |   |   |   |   |   |   |--- feature_5 <= 0.10
|   |   |   |   |   |   |   |   |   |   |   |--- truncated branch of depth 2
|   |   |   |   |   |   |   |   |   |   |--- feature_5 >  0.10
|   |   |   |   |   |   |   |   |   |   |   |--- truncated branch of depth 10
|   |   |   |   |   |   |   |--- feature_3 >  0.20
|   |   |   |   |   |   |   |   |--- feature_3 <= 0.27
|   |   |   |   |   |   |   |   |   |--- feature_3 <= 0.25
|   |   |   |   |   |   |   |   |   |   |--- feature_3 <= 0.20
|   |   |   |   |   |   |   |   |   |   |   |--- truncated branch of depth 11
|   |   |   |   |   |   |   |   |   |   |--- feature_3 >  0.20
|   |   |   |   |   |   |   |   |   |   |   |--- truncated branch of depth 20
|   |   |   |   |   |   |   |   |   |--- feature_3 >  0.25
|   |   |   |   |   |   |   |   |   |   |--- feature_3 <= 0.26
|   |   |   |   |   |   |   |   |   |   |   |--- truncated branch of depth 11
|   |   |   |   |   |   |   |   |   |   |--- feature_3 >  0.26
|   |   |   |   |   |   |   |   |   |   |   |--- truncated branch of depth 14
|   |   |   |   |   |   |   |   |--- feature_3 >  0.27
|   |   |   |   |   |   |   |   |   |--- feature_3 <= 0.39
|   |   |   |   |   |   |   |   |   |   |--- feature_3 <= 0.31
|   |   |   |   |   |   |   |   |   |   |   |--- truncated branch of depth 12
|   |   |   |   |   |   |   |   |   |   |--- feature_3 >  0.31
|   |   |   |   |   |   |   |   |   |   |   |--- truncated branch of depth 5
|   |   |   |   |   |   |   |   |   |--- feature_3 >  0.39
|   |   |   |   |   |   |   |   |   |   |--- feature_0 <= 27.50
|   |   |   |   |   |   |   |   |   |   |   |--- class: 0.0
|   |   |   |   |   |   |   |   |   |   |--- feature_0 >  27.50
|   |   |   |   |   |   |   |   |   |   |   |--- class: -99999.0
|   |   |--- feature_2 >  3.50
|   |   |   |--- class: -99999.0
|--- feature_2 >  11.00
|   |--- class: 1.0
